[    0.000000] Linux version 4.15.0-158-generic (buildd@lgw01-amd64-051) (gcc version 7.5.0 (Ubuntu 7.5.0-3ubuntu1~18.04)) #166-Ubuntu SMP Fri Sep 17 19:37:52 UTC 2021 (Ubuntu 4.15.0-158.166-generic 4.15.18)
[    0.000000] Command line: BOOT_IMAGE=/boot/vmlinuz-4.15.0-158-generic root=LABEL=cloudimg-rootfs ro console=tty1 console=ttyS0
[    0.000000] KERNEL supported cpus:
[    0.000000]   Intel GenuineIntel
[    0.000000]   AMD AuthenticAMD
[    0.000000]   Centaur CentaurHauls
[    0.000000] [Firmware Bug]: TSC doesn't count with P0 frequency!
[    0.000000] x86/fpu: Supporting XSAVE feature 0x001: 'x87 floating point registers'
[    0.000000] x86/fpu: Supporting XSAVE feature 0x002: 'SSE registers'
[    0.000000] x86/fpu: Supporting XSAVE feature 0x004: 'AVX registers'
[    0.000000] x86/fpu: xstate_offset[2]:  576, xstate_sizes[2]:  256
[    0.000000] x86/fpu: Enabled xstate features 0x7, context size is 832 bytes, using 'standard' format.
[    0.000000] e820: BIOS-provided physical RAM map:
[    0.000000] BIOS-e820: [mem 0x0000000000000000-0x000000000009fbff] usable
[    0.000000] BIOS-e820: [mem 0x000000000009fc00-0x000000000009ffff] reserved
[    0.000000] BIOS-e820: [mem 0x00000000000f0000-0x00000000000fffff] reserved
[    0.000000] BIOS-e820: [mem 0x0000000000100000-0x000000007ffeffff] usable
[    0.000000] BIOS-e820: [mem 0x000000007fff0000-0x000000007fffffff] ACPI data
[    0.000000] BIOS-e820: [mem 0x00000000fec00000-0x00000000fec00fff] reserved
[    0.000000] BIOS-e820: [mem 0x00000000fee00000-0x00000000fee00fff] reserved
[    0.000000] BIOS-e820: [mem 0x00000000fffc0000-0x00000000ffffffff] reserved
[    0.000000] NX (Execute Disable) protection: active
[    0.000000] SMBIOS 2.5 present.
[    0.000000] DMI: innotek GmbH VirtualBox/VirtualBox, BIOS VirtualBox 12/01/2006
[    0.000000] Hypervisor detected: KVM
[    0.000000] e820: last_pfn = 0x7fff0 max_arch_pfn = 0x400000000
[    0.000000] MTRR: Disabled
[    0.000000] x86/PAT: MTRRs disabled, skipping PAT initialization too.
[    0.000000] CPU MTRRs all blank - virtualized system.
[    0.000000] x86/PAT: Configuration [0-7]: WB  WT  UC- UC  WB  WT  UC- UC  
[    0.000000] found SMP MP-table at [mem 0x0009fff0-0x0009ffff]
[    0.000000] Scanning 1 areas for low memory corruption
[    0.000000] RAMDISK: [mem 0x359cb000-0x36cdcfff]
[    0.000000] ACPI: Early table checksum verification disabled
[    0.000000] ACPI: RSDP 0x00000000000E0000 000024 (v02 VBOX  )
[    0.000000] ACPI: XSDT 0x000000007FFF0030 00003C (v01 VBOX   VBOXXSDT 00000001 ASL  00000061)
[    0.000000] ACPI: FACP 0x000000007FFF00F0 0000F4 (v04 VBOX   VBOXFACP 00000001 ASL  00000061)
[    0.000000] ACPI: DSDT 0x000000007FFF0470 0022EA (v02 VBOX   VBOXBIOS 00000002 INTL 20100528)
[    0.000000] ACPI: FACS 0x000000007FFF0200 000040
[    0.000000] ACPI: FACS 0x000000007FFF0200 000040
[    0.000000] ACPI: APIC 0x000000007FFF0240 00005C (v02 VBOX   VBOXAPIC 00000001 ASL  00000061)
[    0.000000] ACPI: SSDT 0x000000007FFF02A0 0001CC (v01 VBOX   VBOXCPUT 00000002 INTL 20100528)
[    0.000000] ACPI: Reserving FACP table memory at [mem 0x7fff00f0-0x7fff01e3]
[    0.000000] ACPI: Reserving DSDT table memory at [mem 0x7fff0470-0x7fff2759]
[    0.000000] ACPI: Reserving FACS table memory at [mem 0x7fff0200-0x7fff023f]
[    0.000000] ACPI: Reserving FACS table memory at [mem 0x7fff0200-0x7fff023f]
[    0.000000] ACPI: Reserving APIC table memory at [mem 0x7fff0240-0x7fff029b]
[    0.000000] ACPI: Reserving SSDT table memory at [mem 0x7fff02a0-0x7fff046b]
[    0.000000] No NUMA configuration found
[    0.000000] Faking a node at [mem 0x0000000000000000-0x000000007ffeffff]
[    0.000000] NODE_DATA(0) allocated [mem 0x7ffc5000-0x7ffeffff]
[    0.000000] kvm-clock: cpu 0, msr 0:7ff44001, primary cpu clock
[    0.000000] kvm-clock: Using msrs 4b564d01 and 4b564d00
[    0.000000] kvm-clock: using sched offset of 5411172946 cycles
[    0.000000] clocksource: kvm-clock: mask: 0xffffffffffffffff max_cycles: 0x1cd42e4dffb, max_idle_ns: 881590591483 ns
[    0.000000] Zone ranges:
[    0.000000]   DMA      [mem 0x0000000000001000-0x0000000000ffffff]
[    0.000000]   DMA32    [mem 0x0000000001000000-0x000000007ffeffff]
[    0.000000]   Normal   empty
[    0.000000]   Device   empty
[    0.000000] Movable zone start for each node
[    0.000000] Early memory node ranges
[    0.000000]   node   0: [mem 0x0000000000001000-0x000000000009efff]
[    0.000000]   node   0: [mem 0x0000000000100000-0x000000007ffeffff]
[    0.000000] Reserved but unavailable: 104 pages
[    0.000000] Initmem setup node 0 [mem 0x0000000000001000-0x000000007ffeffff]
[    0.000000] ACPI: PM-Timer IO Port: 0x4008
[    0.000000] IOAPIC[0]: apic_id 2, version 32, address 0xfec00000, GSI 0-23
[    0.000000] ACPI: INT_SRC_OVR (bus 0 bus_irq 0 global_irq 2 dfl dfl)
[    0.000000] ACPI: INT_SRC_OVR (bus 0 bus_irq 9 global_irq 9 low level)
[    0.000000] Using ACPI (MADT) for SMP configuration information
[    0.000000] smpboot: Allowing 2 CPUs, 0 hotplug CPUs
[    0.000000] PM: Registered nosave memory: [mem 0x00000000-0x00000fff]
[    0.000000] PM: Registered nosave memory: [mem 0x0009f000-0x0009ffff]
[    0.000000] PM: Registered nosave memory: [mem 0x000a0000-0x000effff]
[    0.000000] PM: Registered nosave memory: [mem 0x000f0000-0x000fffff]
[    0.000000] e820: [mem 0x80000000-0xfebfffff] available for PCI devices
[    0.000000] Booting paravirtualized kernel on KVM
[    0.000000] clocksource: refined-jiffies: mask: 0xffffffff max_cycles: 0xffffffff, max_idle_ns: 7645519600211568 ns
[    0.000000] random: get_random_bytes called from start_kernel+0x99/0x500 with crng_init=0
[    0.000000] setup_percpu: NR_CPUS:8192 nr_cpumask_bits:2 nr_cpu_ids:2 nr_node_ids:1
[    0.000000] percpu: Embedded 45 pages/cpu s147456 r8192 d28672 u1048576
[    0.000000] PV qspinlock hash table entries: 256 (order: 0, 4096 bytes)
[    0.000000] Built 1 zonelists, mobility grouping on.  Total pages: 515961
[    0.000000] Policy zone: DMA32
[    0.000000] Kernel command line: BOOT_IMAGE=/boot/vmlinuz-4.15.0-158-generic root=LABEL=cloudimg-rootfs ro console=tty1 console=ttyS0
[    0.000000] Memory: 2014900K/2096696K available (12300K kernel code, 2483K rwdata, 4320K rodata, 2448K init, 2724K bss, 81796K reserved, 0K cma-reserved)
[    0.000000] SLUB: HWalign=64, Order=0-3, MinObjects=0, CPUs=2, Nodes=1
[    0.000000] ftrace: allocating 39466 entries in 155 pages
[    0.004000] Hierarchical RCU implementation.
[    0.004000] 	RCU restricting CPUs from NR_CPUS=8192 to nr_cpu_ids=2.
[    0.004000] 	Tasks RCU enabled.
[    0.004000] RCU: Adjusting geometry for rcu_fanout_leaf=16, nr_cpu_ids=2
[    0.004000] NR_IRQS: 524544, nr_irqs: 440, preallocated irqs: 16
[    0.004000] Console: colour VGA+ 80x25
[    0.004000] console [tty1] enabled
[    0.004000] console [ttyS0] enabled
[    0.004000] ACPI: Core revision 20170831
[    0.004000] ACPI: 2 ACPI AML tables successfully acquired and loaded
[    0.004000] APIC: Switch to symmetric I/O mode setup
[    0.004000] x2apic enabled
[    0.004000] Switched APIC routing to physical x2apic.
[    0.004000] ..TIMER: vector=0x30 apic1=0 pin1=2 apic2=-1 pin2=-1
[    0.004000] tsc: Detected 3199.998 MHz processor
[    0.004000] Calibrating delay loop (skipped) preset value.. 6399.99 BogoMIPS (lpj=12799992)
[    0.004000] pid_max: default: 32768 minimum: 301
[    0.004000] Security Framework initialized
[    0.004000] Yama: becoming mindful.
[    0.004000] AppArmor: AppArmor initialized
[    0.004000] Dentry cache hash table entries: 262144 (order: 9, 2097152 bytes)
[    0.004000] Inode-cache hash table entries: 131072 (order: 8, 1048576 bytes)
[    0.004000] Mount-cache hash table entries: 4096 (order: 3, 32768 bytes)
[    0.004000] Mountpoint-cache hash table entries: 4096 (order: 3, 32768 bytes)
[    0.004000] Last level iTLB entries: 4KB 1024, 2MB 1024, 4MB 512
[    0.004000] Last level dTLB entries: 4KB 1536, 2MB 1536, 4MB 768, 1GB 0
[    0.004000] Spectre V1 : Mitigation: usercopy/swapgs barriers and __user pointer sanitization
[    0.004000] Spectre V2 : Spectre mitigation: LFENCE not serializing, switching to generic retpoline
[    0.004000] Spectre V2 : Mitigation: Full generic retpoline
[    0.004000] Spectre V2 : Spectre v2 / SpectreRSB mitigation: Filling RSB on context switch
[    0.004000] Speculative Store Bypass: Mitigation: Speculative Store Bypass disabled via prctl and seccomp
[    0.004000] Freeing SMP alternatives memory: 36K
[    0.132655] APIC calibration not consistent with PM-Timer: 108ms instead of 100ms
[    0.133818] APIC delta adjusted to PM-Timer: 6457486 (7017213)
[    0.134699] smpboot: CPU0: AMD Ryzen 7 2700 Eight-Core Processor (family: 0x17, model: 0x8, stepping: 0x2)
[    0.136000] Performance Events: PMU not available due to virtualization, using software events only.
[    0.136000] Hierarchical SRCU implementation.
[    0.136000] NMI watchdog: Perf event create on CPU 0 failed with -2
[    0.136000] NMI watchdog: Perf NMI watchdog permanently disabled
[    0.136078] smp: Bringing up secondary CPUs ...
[    0.136929] x86: Booting SMP configuration:
[    0.137561] .... node  #0, CPUs:      #1
[    0.004000] kvm-clock: cpu 1, msr 0:7ff44041, secondary cpu clock
[    0.142472] smp: Brought up 1 node, 2 CPUs
[    0.142472] smpboot: Max logical packages: 1
[    0.142472] smpboot: Total of 2 processors activated (12799.99 BogoMIPS)
[    0.144196] devtmpfs: initialized
[    0.144865] x86/mm: Memory block size: 128MB
[    0.145824] evm: security.selinux
[    0.145824] evm: security.SMACK64
[    0.145824] evm: security.SMACK64EXEC
[    0.145824] evm: security.SMACK64TRANSMUTE
[    0.145923] evm: security.SMACK64MMAP
[    0.146550] evm: security.apparmor
[    0.147129] evm: security.ima
[    0.148007] evm: security.capability
[    0.148641] clocksource: jiffies: mask: 0xffffffff max_cycles: 0xffffffff, max_idle_ns: 7645041785100000 ns
[    0.149867] futex hash table entries: 512 (order: 3, 32768 bytes)
[    0.150874] pinctrl core: initialized pinctrl subsystem
[    0.152120] RTC time: 17:40:34, date: 12/09/21
[    0.153013] NET: Registered protocol family 16
[    0.153757] audit: initializing netlink subsys (disabled)
[    0.156033] audit: type=2000 audit(1639071641.533:1): state=initialized audit_enabled=0 res=1
[    0.156152] cpuidle: using governor ladder
[    0.160044] cpuidle: using governor menu
[    0.160926] ACPI: bus type PCI registered
[    0.160975] acpiphp: ACPI Hot Plug PCI Controller Driver version: 0.5
[    0.162317] PCI: Using configuration type 1 for base access
[    0.163477] PCI: Using configuration type 1 for extended access
[    0.165006] HugeTLB registered 2.00 MiB page size, pre-allocated 0 pages
[    0.168091] ACPI: Added _OSI(Module Device)
[    0.168727] ACPI: Added _OSI(Processor Device)
[    0.169402] ACPI: Added _OSI(3.0 _SCP Extensions)
[    0.169402] ACPI: Added _OSI(Processor Aggregator Device)
[    0.169402] ACPI: Added _OSI(Linux-Dell-Video)
[    0.169563] ACPI: Added _OSI(Linux-Lenovo-NV-HDMI-Audio)
[    0.170390] ACPI: Added _OSI(Linux-HPI-Hybrid-Graphics)
[    0.172208] ACPI: Executed 1 blocks of module-level executable AML code
[    0.176290] ACPI: Interpreter enabled
[    0.176903] ACPI: (supports S0 S5)
[    0.177440] ACPI: Using IOAPIC for interrupt routing
[    0.178425] PCI: Using host bridge windows from ACPI; if necessary, use "pci=nocrs" and report a bug
[    0.179921] ACPI: Enabled 2 GPEs in block 00 to 07
[    0.185993] ACPI: PCI Root Bridge [PCI0] (domain 0000 [bus 00-ff])
[    0.186943] acpi PNP0A03:00: _OSC: OS supports [ExtendedConfig ASPM ClockPM Segments MSI]
[    0.188271] acpi PNP0A03:00: _OSC: platform does not support [PCIeCapability]
[    0.189766] acpi PNP0A03:00: _OSC: not requesting control; platform does not support [PCIeCapability]
[    0.191661] acpi PNP0A03:00: _OSC: OS requested [PCIeHotplug PME AER PCIeCapability]
[    0.192004] acpi PNP0A03:00: _OSC: platform willing to grant [PCIeHotplug PME AER]
[    0.193160] acpi PNP0A03:00: _OSC failed (AE_SUPPORT); disabling ASPM
[    0.194516] PCI host bridge to bus 0000:00
[    0.195158] pci_bus 0000:00: root bus resource [io  0x0000-0x0cf7 window]
[    0.196003] pci_bus 0000:00: root bus resource [io  0x0d00-0xffff window]
[    0.196975] pci_bus 0000:00: root bus resource [mem 0x000a0000-0x000bffff window]
[    0.198072] pci_bus 0000:00: root bus resource [mem 0x80000000-0xfdffffff window]
[    0.200003] pci_bus 0000:00: root bus resource [bus 00-ff]
[    0.202683] pci 0000:00:01.1: legacy IDE quirk: reg 0x10: [io  0x01f0-0x01f7]
[    0.203699] pci 0000:00:01.1: legacy IDE quirk: reg 0x14: [io  0x03f6]
[    0.204004] pci 0000:00:01.1: legacy IDE quirk: reg 0x18: [io  0x0170-0x0177]
[    0.205022] pci 0000:00:01.1: legacy IDE quirk: reg 0x1c: [io  0x0376]
[    0.232257] pci 0000:00:07.0: quirk: [io  0x4000-0x403f] claimed by PIIX4 ACPI
[    0.233405] pci 0000:00:07.0: quirk: [io  0x4100-0x410f] claimed by PIIX4 SMB
[    0.249736] ACPI: PCI Interrupt Link [LNKA] (IRQs 5 9 10 *11)
[    0.250995] ACPI: PCI Interrupt Link [LNKB] (IRQs 5 9 *10 11)
[    0.252000] ACPI: PCI Interrupt Link [LNKC] (IRQs 5 *9 10 11)
[    0.252113] ACPI: PCI Interrupt Link [LNKD] (IRQs 5 9 10 *11)
[    0.253305] SCSI subsystem initialized
[    0.256042] pci 0000:00:02.0: vgaarb: setting as boot VGA device
[    0.256897] pci 0000:00:02.0: vgaarb: VGA device added: decodes=io+mem,owns=io+mem,locks=none
[    0.256897] pci 0000:00:02.0: vgaarb: bridge control possible
[    0.256897] vgaarb: loaded
[    0.257316] ACPI: bus type USB registered
[    0.257944] usbcore: registered new interface driver usbfs
[    0.258744] usbcore: registered new interface driver hub
[    0.260009] usbcore: registered new device driver usb
[    0.264042] EDAC MC: Ver: 3.0.0
[    0.264754] PCI: Using ACPI for IRQ routing
[    0.264931] NetLabel: Initializing
[    0.265464] NetLabel:  domain hash size = 128
[    0.266103] NetLabel:  protocols = UNLABELED CIPSOv4 CALIPSO
[    0.266920] NetLabel:  unlabeled traffic allowed by default
[    0.268066] clocksource: Switched to clocksource kvm-clock
[    0.281318] VFS: Disk quotas dquot_6.6.0
[    0.281987] VFS: Dquot-cache hash table entries: 512 (order 0, 4096 bytes)
[    0.283044] AppArmor: AppArmor Filesystem Enabled
[    0.283817] pnp: PnP ACPI init
[    0.285264] pnp: PnP ACPI: found 3 devices
[    0.294248] clocksource: acpi_pm: mask: 0xffffff max_cycles: 0xffffff, max_idle_ns: 2085701024 ns
[    0.295629] NET: Registered protocol family 2
[    0.296253] IP idents hash table entries: 32768 (order: 6, 262144 bytes)
[    0.297552] TCP established hash table entries: 16384 (order: 5, 131072 bytes)
[    0.298637] TCP bind hash table entries: 16384 (order: 6, 262144 bytes)
[    0.299590] TCP: Hash tables configured (established 16384 bind 16384)
[    0.301694] UDP hash table entries: 1024 (order: 3, 32768 bytes)
[    0.302666] UDP-Lite hash table entries: 1024 (order: 3, 32768 bytes)
[    0.303655] NET: Registered protocol family 1
[    0.304436] pci 0000:00:00.0: Limiting direct PCI/PCI transfers
[    0.305346] pci 0000:00:01.0: Activating ISA DMA hang workarounds
[    0.311412] pci 0000:00:02.0: Video device with shadowed ROM at [mem 0x000c0000-0x000dffff]
[    0.321691] Unpacking initramfs...
[    0.618445] Freeing initrd memory: 19528K
[    0.619118] clocksource: tsc: mask: 0xffffffffffffffff max_cycles: 0x2e204823bcd, max_idle_ns: 440795224253 ns
[    0.620452] platform rtc_cmos: registered platform RTC device (no PNP device found)
[    0.621421] Scanning for low memory corruption every 60 seconds
[    0.622664] Initialise system trusted keyrings
[    0.623247] Key type blacklist registered
[    0.623826] workingset: timestamp_bits=36 max_order=19 bucket_order=0
[    0.626288] zbud: loaded
[    0.627154] squashfs: version 4.0 (2009/01/31) Phillip Lougher
[    0.628125] fuse init (API version 7.26)
[    0.632070] Key type asymmetric registered
[    0.632840] Asymmetric key parser 'x509' registered
[    0.633745] Block layer SCSI generic (bsg) driver version 0.4 loaded (major 246)
[    0.635141] io scheduler noop registered
[    0.635856] io scheduler deadline registered
[    0.636716] io scheduler cfq registered (default)
[    0.637917] ACPI: AC Adapter [AC] (on-line)
[    0.638752] input: Power Button as /devices/LNXSYSTM:00/LNXPWRBN:00/input/input0
[    0.640128] ACPI: Power Button [PWRF]
[    0.640873] input: Sleep Button as /devices/LNXSYSTM:00/LNXSLPBN:00/input/input1
[    0.642136] ACPI: Sleep Button [SLPF]
[    0.642950] Serial: 8250/16550 driver, 32 ports, IRQ sharing enabled
[    0.664403] 00:02: ttyS0 at I/O 0x3f8 (irq = 4, base_baud = 115200) is a 16550A
[    0.667593] Linux agpgart interface v0.103
[    0.669479] loop: module loaded
[    0.670420] scsi host0: ata_piix
[    0.671053] scsi host1: ata_piix
[    0.671587] ata1: PATA max UDMA/33 cmd 0x1f0 ctl 0x3f6 bmdma 0xd000 irq 14
[    0.672568] ata2: PATA max UDMA/33 cmd 0x170 ctl 0x376 bmdma 0xd008 irq 15
[    0.673772] libphy: Fixed MDIO Bus: probed
[    0.674369] tun: Universal TUN/TAP device driver, 1.6
[    0.675104] PPP generic driver version 2.4.2
[    0.675758] ehci_hcd: USB 2.0 'Enhanced' Host Controller (EHCI) Driver
[    0.676654] ehci-pci: EHCI PCI platform driver
[    0.677287] ehci-platform: EHCI generic platform driver
[    0.678007] ohci_hcd: USB 1.1 'Open' Host Controller (OHCI) Driver
[    0.678822] ohci-pci: OHCI PCI platform driver
[    0.679500] ohci-platform: OHCI generic platform driver
[    0.680207] uhci_hcd: USB Universal Host Controller Interface driver
[    0.681102] i8042: PNP: PS/2 Controller [PNP0303:PS2K,PNP0f03:PS2M] at 0x60,0x64 irq 1,12
[    0.682620] serio: i8042 KBD port at 0x60,0x64 irq 1
[    0.683318] serio: i8042 AUX port at 0x60,0x64 irq 12
[    0.684145] mousedev: PS/2 mouse device common for all mice
[    0.685167] input: AT Translated Set 2 keyboard as /devices/platform/i8042/serio0/input/input2
[    0.686653] rtc_cmos rtc_cmos: rtc core: registered rtc_cmos as rtc0
[    0.687559] rtc_cmos rtc_cmos: alarms up to one day, 114 bytes nvram
[    0.688410] i2c /dev entries driver
[    0.688977] device-mapper: uevent: version 1.0.3
[    0.689681] device-mapper: ioctl: 4.37.0-ioctl (2017-09-20) initialised: dm-devel@redhat.com
[    0.690883] ledtrig-cpu: registered to indicate activity on CPUs
[    0.692235] NET: Registered protocol family 10
[    0.695705] Segment Routing with IPv6
[    0.696265] NET: Registered protocol family 17
[    0.696975] Key type dns_resolver registered
[    0.697786] mce: Using 0 MCE banks
[    0.698303] RAS: Correctable Errors collector initialized.
[    0.699065] sched_clock: Marking stable (697759797, 0)->(858813623, -161053826)
[    0.700580] registered taskstats version 1
[    0.701171] Loading compiled-in X.509 certificates
[    0.713423] Loaded X.509 cert 'Build time autogenerated kernel key: 9c39388069eaf19f5b3d1506669eb0150e975bc3'
[    0.715235] Loaded X.509 cert 'Canonical Ltd. Live Patch Signing: 14df34d1a87cf37625abec039ef2bf521249b969'
[    0.717077] Loaded X.509 cert 'Canonical Ltd. Kernel Module Signing: 88f752e560a1e0737e31163a466ad7b70a850c19'
[    0.718337] zswap: loaded using pool lzo/zbud
[    0.721305] Key type big_key registered
[    0.721841] Key type trusted registered
[    0.723485] Key type encrypted registered
[    0.724029] AppArmor: AppArmor sha1 policy hashing enabled
[    0.724743] ima: No TPM chip found, activating TPM-bypass! (rc=-19)
[    0.725660] ima: Allocated hash algorithm: sha1
[    0.726273] evm: HMAC attrs: 0x1
[    0.726974]   Magic number: 1:649:693
[    0.727567] rtc_cmos rtc_cmos: setting system clock to 2021-12-09 17:40:35 UTC (1639071635)
[    0.728746] BIOS EDD facility v0.16 2004-Jun-25, 0 devices found
[    0.729526] EDD information not available.
[    0.835707] Freeing unused kernel image memory: 2448K
[    0.852872] Write protecting the kernel read-only data: 20480k
[    0.854210] Freeing unused kernel image memory: 2008K
[    0.855113] Freeing unused kernel image memory: 1824K
[    0.862164] x86/mm: Checked W+X mappings: passed, no W+X pages found.
Loading, please wait...
starting version 237
[    0.917791] e1000: Intel(R) PRO/1000 Network Driver - version 7.3.21-k8-NAPI
[    0.918876] e1000: Copyright (c) 1999-2006 Intel Corporation.
[    0.921008] Fusion MPT base driver 3.04.20
[    0.921645] Copyright (c) 1999-2008 LSI Corporation
[    0.927585] Fusion MPT SPI Host driver 3.04.20
[    0.933052] AVX2 version of gcm_enc/dec engaged.
[    0.933800] AES CTR mode by8 optimization enabled
[    1.126601] input: ImExPS/2 Generic Explorer Mouse as /devices/platform/i8042/serio1/input/input4
[    1.300917] e1000 0000:00:03.0 eth0: (PCI:33MHz:32-bit) 02:2d:44:18:82:0e
[    1.301823] e1000 0000:00:03.0 eth0: Intel(R) PRO/1000 Network Connection
[    1.303451] mptbase: ioc0: Initiating bringup
[    1.454582] ioc0: LSI53C1030 A0: Capabilities={Initiator}
[    1.902069] scsi host2: ioc0: LSI53C1030 A0, FwRev=00000000h, Ports=1, MaxQ=256, IRQ=20
[    2.069840] scsi 2:0:0:0: Direct-Access     VBOX     HARDDISK         1.0  PQ: 0 ANSI: 5
[    2.096052] scsi target2:0:0: Beginning Domain Validation
[    2.097908] scsi target2:0:0: Domain Validation skipping write tests
[    2.099060] scsi target2:0:0: Ending Domain Validation
[    2.100056] scsi target2:0:0: asynchronous
[    2.101187] scsi 2:0:1:0: Direct-Access     VBOX     HARDDISK         1.0  PQ: 0 ANSI: 5
[    2.352023] scsi target2:0:1: Beginning Domain Validation
[    2.353816] random: fast init done
[    2.354992] scsi target2:0:1: Domain Validation skipping write tests
[    2.356158] scsi target2:0:1: Ending Domain Validation
[    2.357198] scsi target2:0:1: asynchronous
[    2.361575] random: systemd-udevd: uninitialized urandom read (16 bytes read)
[    2.362814] random: systemd-udevd: uninitialized urandom read (16 bytes read)
[    2.364014] random: systemd-udevd: uninitialized urandom read (16 bytes read)
[    2.365600] sd 2:0:0:0: [sda] 83886080 512-byte logical blocks: (42.9 GB/40.0 GiB)
[    2.367007] sd 2:0:0:0: [sda] Write Protect is off
[    2.367737] sd 2:0:0:0: Attached scsi generic sg0 type 0
[    2.368688] sd 2:0:0:0: [sda] Incomplete mode parameter data
[    2.369606] sd 2:0:0:0: [sda] Assuming drive cache: write through
[    2.372353] sd 2:0:1:0: Attached scsi generic sg1 type 0
[    2.372502] sd 2:0:1:0: [sdb] 20480 512-byte logical blocks: (10.5 MB/10.0 MiB)
[    2.374608] sd 2:0:1:0: [sdb] Write Protect is off
[    2.375510] sd 2:0:1:0: [sdb] Incomplete mode parameter data
[    2.376434] sd 2:0:1:0: [sdb] Assuming drive cache: write through
[    2.377706]  sda: sda1
[    2.378704] sd 2:0:0:0: [sda] Attached SCSI disk
[    2.402363] sd 2:0:1:0: [sdb] Attached SCSI disk
[    2.471722] e1000 0000:00:08.0 eth1: (PCI:33MHz:32-bit) 08:00:27:38:bf:a2
[    2.472616] e1000 0000:00:08.0 eth1: Intel(R) PRO/1000 Network Connection
[    2.474745] e1000 0000:00:08.0 enp0s8: renamed from eth1
[    2.489061] e1000 0000:00:03.0 enp0s3: renamed from eth0
Begin: Loading essential drivers ... [    3.976935] raid6: sse2x1   gen()  7173 MB/s
[    4.029668] raid6: sse2x1   xor()  7237 MB/s
[    4.077522] raid6: sse2x2   gen() 16936 MB/s
[    4.124500] raid6: sse2x2   xor() 10752 MB/s
[    4.172252] raid6: sse2x4   gen() 17001 MB/s
[    4.221086] raid6: sse2x4   xor()  7787 MB/s
[    4.268932] raid6: avx2x1   gen() 18804 MB/s
[    4.316786] raid6: avx2x1   xor() 12795 MB/s
[    4.365616] raid6: avx2x2   gen() 21664 MB/s
[    4.413467] raid6: avx2x2   xor() 14019 MB/s
[    4.460343] raid6: avx2x4   gen() 23873 MB/s
[    4.508205] raid6: avx2x4   xor() 12319 MB/s
[    4.508824] raid6: using algorithm avx2x4 gen() 23873 MB/s
[    4.509540] raid6: .... xor() 12319 MB/s, rmw enabled
[    4.510224] raid6: using avx2x2 recovery algorithm
[    4.512416] xor: automatically using best checksumming function   avx       
[    4.514751] async_tx: api initialized (async)
done.
Begin: Running /scripts/init-premount ... done.
Begin: Mounting root file system ... Begin: Running /scripts/local-top ... done.
Begin: Running /scripts/local-premount ... [    4.565326] Btrfs loaded, crc32c=crc32c-intel
Scanning for Btrfs filesystems
done.
Warning: fsck not present, so skipping root file system
[    4.587149] EXT4-fs (sda1): mounted filesystem with ordered data mode. Opts: (null)
done.
Begin: Running /scripts/local-bottom ... done.
Begin: Running /scripts/init-bottom ... done.
[    5.115132] ip_tables: (C) 2000-2006 Netfilter Core Team
[    5.164057] systemd[1]: systemd 237 running in system mode. (+PAM +AUDIT +SELINUX +IMA +APPARMOR +SMACK +SYSVINIT +UTMP +LIBCRYPTSETUP +GCRYPT +GNUTLS +ACL +XZ +LZ4 +SECCOMP +BLKID +ELFUTILS +KMOD -IDN2 +IDN -PCRE2 default-hierarchy=hybrid)
[    5.166828] systemd[1]: Detected virtualization oracle.
[    5.167537] systemd[1]: Detected architecture x86-64.

Welcome to [1mUbuntu 18.04.6 LTS[0m!

[    5.192825] systemd[1]: Set hostname to <ubuntu>.
[    5.239459] systemd[1]: Initializing machine ID from random generator.
[    5.240782] systemd[1]: Installed transient /etc/machine-id file.
[    6.040056] systemd[1]: Set up automount Arbitrary Executable File Formats File System Automount Point.
[[0;32m  OK  [0m] Set up automount Arbitrary Executab…rmats File System Automount Point.
[    6.043655] systemd[1]: Created slice User and Session Slice.
[[0;32m  OK  [0m] Created slice User and Session Slice.
[    6.045124] systemd[1]: Reached target User and Group Name Lookups.
[[0;32m  OK  [0m] Reached target User and Group Name Lookups.
[    6.046902] systemd[1]: Created slice System Slice.
[[0;32m  OK  [0m] Created slice System Slice.
[[0;32m  OK  [0m] Listening on /dev/initctl Compatibility Named Pipe.
[[0;32m  OK  [0m] Listening on udev Control Socket.
[[0;32m  OK  [0m] Listening on Network Service Netlink Socket.
[[0;32m  OK  [0m] Listening on Journal Socket (/dev/log).
[[0;32m  OK  [0m] Reached target Slices.
[[0;32m  OK  [0m] Listening on Journal Audit Socket.
[[0;32m  OK  [0m] Listening on LVM2 metadata daemon socket.
[[0;32m  OK  [0m] Listening on Syslog Socket.
[[0;32m  OK  [0m] Listening on fsck to fsckd communication Socket.
[[0;32m  OK  [0m] Reached target System Time Synchronized.
[[0;32m  OK  [0m] Reached target Swap.
[[0;32m  OK  [0m] Listening on Journal Socket.
[    6.069774] random: crng init done
[    6.070296] random: 7 urandom warning(s) missed due to ratelimiting
         Starting Load Kernel Modules...
         Mounting Kernel Debug File System...
         Starting Set the console keyboard layout...
         Starting Create list of required st…ce nodes for the current kernel...
         Mounting Huge Pages File System...
         Mounting POSIX Message Queue File System...
         Starting Uncomplicated firewall...
         Starting File System Check on Root Device...
[[0;32m  OK  [0m] Started Forward Password Requests to Wall Directory Watch.
[[0;32m  OK  [0m] Created slice system-serial\x2dgetty.slice.
[[0;32m  OK  [0m] Listening on Device-mapper event daemon FIFOs.
         Starting Monitoring of LVM2 mirrors…ng dmeventd or progress polling...
[[0;32m  OK  [0m] Listening on LVM2 poll daemon socket.
[    6.154664] Loading iSCSI transport class v2.0-870.
[    6.163821] iscsi: registered transport (tcp)
[    6.192408] iscsi: registered transport (iser)
[[0;32m  OK  [0m] Listening on udev Kernel Socket.
         Starting udev Coldplug all Devices...
         Starting Journal Service...
[[0;32m  OK  [0m] Started Load Kernel Modules.
[[0;32m  OK  [0m] Mounted Kernel Debug File System.
[[0;32m  OK  [0m] Started Create list of required sta…vice nodes for the current kernel.
[[0;32m  OK  [0m] Mounted Huge Pages File System.
[[0;32m  OK  [0m] Mounted POSIX Message Queue File System.
[[0;32m  OK  [0m] Started Uncomplicated firewall.
[[0;32m  OK  [0m] Started LVM2 metadata daemon.
[[0;32m  OK  [0m] Started File System Check Daemon to report status.
         Starting Create Static Device Nodes in /dev...
         Mounting FUSE Control File System...
         Mounting Kernel Configuration File System...
         Starting Apply Kernel Variables...
[[0;32m  OK  [0m] Mounted FUSE Control File System.
[[0;32m  OK  [0m] Mounted Kernel Configuration File System.
[[0;32m  OK  [0m] Started udev Coldplug all Devices.
[[0;32m  OK  [0m] Started Journal Service.
[[0;32m  OK  [0m] Started File System Check on Root Device.
         Starting Remount Root and Kernel File Systems...
[[0;32m  OK  [0m] Started Set the console keyboard layout.
[[0;32m  OK  [0m] Started Remount Root and Kernel File Systems.
[[0;32m  OK  [0m] Started Create Static Device Nodes in /dev.
         Starting udev Kernel Device Manager...
         Starting Flush Journal to Persistent Storage...
         Starting Load/Save Random Seed...
[[0;32m  OK  [0m] Started Monitoring of LVM2 mirrors,…sing dmeventd or progress polling.
[[0;32m  OK  [0m] Started Apply Kernel Variables.
[[0;32m  OK  [0m] Reached target Local File Systems (Pre).
[[0;32m  OK  [0m] Reached target Local File Systems.
         Starting Tell Plymouth To Write Out Runtime Data...
         Starting AppArmor initialization...
         Starting Set console font and keymap...
         Starting ebtables ruleset management...
         Starting Commit a transient machine-id on disk...
[[0;32m  OK  [0m] Started Load/Save Random Seed.
[[0;32m  OK  [0m] Started udev Kernel Device Manager.
[[0;32m  OK  [0m] Started Dispatch Password Requests to Console Directory Watch.
[[0;32m  OK  [0m] Reached target Local Encrypted Volumes.
[[0;32m  OK  [0m] Started Set console font and keymap.
[[0;32m  OK  [0m] Started Tell Plymouth To Write Out Runtime Data.
[[0;32m  OK  [0m] Started Flush Journal to Persistent Storage.
         Starting Create Volatile Files and Directories...
[[0;32m  OK  [0m] Started Commit a transient machine-id on disk.
[[0;32m  OK  [0m] Started Create Volatile Files and Directories.
         Starting Update UTMP about System Boot/Shutdown...
[[0;32m  OK  [0m] Started Update UTMP about System Boot/Shutdown.
[[0;32m  OK  [0m] Found device /dev/ttyS0.
[[0;32m  OK  [0m] Started ebtables ruleset management.
[[0;32m  OK  [0m] Listening on Load/Save RF Kill Switch Status /dev/rfkill Watch.
[[0;32m  OK  [0m] Started AppArmor initialization.
         Starting Load AppArmor profiles managed internally by snapd...
         Starting Initial cloud-init job (pre-networking)...
[[0;32m  OK  [0m] Started Load AppArmor profiles managed internally by snapd.
[   10.019782] cloud-init[564]: Cloud-init v. 21.2-3-g899bfaa9-0ubuntu2~18.04.1 running 'init-local' at Thu, 09 Dec 2021 17:40:44 +0000. Up 9.52 seconds.
[[0;32m  OK  [0m] Started Initial cloud-init job (pre-networking).
[[0;32m  OK  [0m] Reached target Network (Pre).
         Starting Network Service...
[[0;32m  OK  [0m] Started Network Service.
         Starting Network Name Resolution...
         Starting Wait for Network to be Configured...
[[0;32m  OK  [0m] Started Network Name Resolution.
[[0;32m  OK  [0m] Reached target Network.
[[0;32m  OK  [0m] Reached target Host and Network Name Lookups.
[[0;32m  OK  [0m] Started Wait for Network to be Configured.
         Starting Initial cloud-init job (metadata service crawler)...
[   12.014806] cloud-init[703]: Cloud-init v. 21.2-3-g899bfaa9-0ubuntu2~18.04.1 running 'init' at Thu, 09 Dec 2021 17:40:46 +0000. Up 11.84 seconds.
[   12.017155] cloud-init[703]: ci-info: ++++++++++++++++++++++++++++++++++++++Net device info+++++++++++++++++++++++++++++++++++++++
[   12.026210] cloud-init[703]: ci-info: +--------+-------+----------------------------+---------------+--------+-------------------+
[   12.040204] cloud-init[703]: ci-info: | Device |   Up  |          Address           |      Mask     | Scope  |     Hw-Address    |
[   12.041735] cloud-init[703]: ci-info: +--------+-------+----------------------------+---------------+--------+-------------------+
[   12.042989] cloud-init[703]: ci-info: | enp0s3 |  True |         10.0.2.15          | 255.255.255.0 | global | 02:2d:44:18:82:0e |
[   12.044197] cloud-init[703]: ci-info: | enp0s3 |  True | fe80::2d:44ff:fe18:820e/64 |       .       |  link  | 02:2d:44:18:82:0e |
[   12.045495] cloud-init[703]: ci-info: | enp0s8 | False |             .              |       .       |   .    | 08:00:27:38:bf:a2 |
[   12.046674] cloud-init[703]: ci-info: |   lo   |  True |         127.0.0.1          |   255.0.0.0   |  host  |         .         |
[   12.047707] cloud-init[703]: ci-info: |   lo   |  True |          ::1/128           |       .       |  host  |         .         |
[   12.048939] cloud-init[703]: ci-info: +--------+-------+----------------------------+---------------+--------+-------------------+
[   12.050158] cloud-init[703]: ci-info: ++++++++++++++++++++++++++++Route IPv4 info+++++++++++++++++++++++++++++
[   12.051211] cloud-init[703]: ci-info: +-------+-------------+----------+-----------------+-----------+-------+
[   12.052291] cloud-init[703]: ci-info: | Route | Destination | Gateway  |     Genmask     | Interface | Flags |
[   12.053361] cloud-init[703]: ci-info: +-------+-------------+----------+-----------------+-----------+-------+
[   12.054408] cloud-init[703]: ci-info: |   0   |   0.0.0.0   | 10.0.2.2 |     0.0.0.0     |   enp0s3  |   UG  |
[   12.055482] cloud-init[703]: ci-info: |   1   |   10.0.2.0  | 0.0.0.0  |  255.255.255.0  |   enp0s3  |   U   |
[   12.056538] cloud-init[703]: ci-info: |   2   |   10.0.2.2  | 0.0.0.0  | 255.255.255.255 |   enp0s3  |   UH  |
[   12.057616] cloud-init[703]: ci-info: +-------+-------------+----------+-----------------+-----------+-------+
[   12.058686] cloud-init[703]: ci-info: +++++++++++++++++++Route IPv6 info+++++++++++++++++++
[   12.059563] cloud-init[703]: ci-info: +-------+-------------+---------+-----------+-------+
[   12.060538] cloud-init[703]: ci-info: | Route | Destination | Gateway | Interface | Flags |
[   12.061461] cloud-init[703]: ci-info: +-------+-------------+---------+-----------+-------+
[   12.062400] cloud-init[703]: ci-info: |   1   |  fe80::/64  |    ::   |   enp0s3  |   U   |
[   12.063339] cloud-init[703]: ci-info: |   3   |    local    |    ::   |   enp0s3  |   U   |
[   12.064139] cloud-init[703]: ci-info: |   4   |   ff00::/8  |    ::   |   enp0s3  |   U   |
[   12.065162] cloud-init[703]: ci-info: +-------+-------------+---------+-----------+-------+
[   13.685103] cloud-init[703]: Generating public/private rsa key pair.
[   13.685728] cloud-init[703]: Your identification has been saved in /etc/ssh/ssh_host_rsa_key.
[   13.686470] cloud-init[703]: Your public key has been saved in /etc/ssh/ssh_host_rsa_key.pub.
[   13.687229] cloud-init[703]: The key fingerprint is:
[   13.687700] cloud-init[703]: SHA256:gHEnquUeRYlWpYfrVk4gY4WSrnWKDszL2qobVGkPBPc root@ubuntu-bionic
[   13.701024] cloud-init[703]: The key's randomart image is:
[   13.701522] cloud-init[703]: +---[RSA 2048]----+
[   13.701977] cloud-init[703]: | ..+.+*oo        |
[   13.702430] cloud-init[703]: |  = *B.=         |
[   13.702872] cloud-init[703]: | . BBE* .        |
[   13.703342] cloud-init[703]: |  ==++ =         |
[   13.703795] cloud-init[703]: |o=.oo.. S        |
[   13.704253] cloud-init[703]: |=o.. o +         |
[   13.704704] cloud-init[703]: |= . . o .        |
[   13.705169] cloud-init[703]: | *   .           |
[   13.705621] cloud-init[703]: |Bo.              |
[   13.706083] cloud-init[703]: +----[SHA256]-----+
[   13.706530] cloud-init[703]: Generating public/private dsa key pair.
[   13.707111] cloud-init[703]: Your identification has been saved in /etc/ssh/ssh_host_dsa_key.
[   13.721555] cloud-init[703]: Your public key has been saved in /etc/ssh/ssh_host_dsa_key.pub.
[   13.737120] cloud-init[703]: The key fingerprint is:
[[0;32m  OK  [0m[   13.748810] cloud-init[703]: SHA256:2vIKSbXyHbI2bJqIyptA/9ChIGWr3ZFwXSw/Ra01Jwg root@ubuntu-bionic
[   13.749007] cloud-init[703]: The key's randomart image is:
[   13.749831] cloud-init[703]: +---[DSA 1024]----+
[   13.750094] cloud-init[703]: |       .Eo.o     |
[   13.750462] cloud-init[703]: |     .... o = .  |
[   13.750805] cloud-init[703]: |  + . oo . o +   |
[   13.751158] cloud-init[703]: | o + o .o .      |
[   13.751400] cloud-init[703]: |.o. =.o S.       |
[   13.751622] cloud-init[703]: |ooooo*.* .       |
[   13.752245] cloud-init[703]: |o .++.X o        |
[   13.752512] cloud-init[703]: |o...o* +         |
[   13.752863] cloud-init[703]: |++o o....        |
[   13.753228] cloud-init[703]: +----[SHA256]-----+
[   13.753581] cloud-init[703]: Generating public/private ecdsa key pair.
[   13.753949] cloud-init[703]: Your identification has been saved in /etc/ssh/ssh_host_ecdsa_key.
[   13.754787] cloud-init[703]: Your public key has been saved in /etc/ssh/ssh_host_ecdsa_key.pub.
[   13.755108] cloud-init[703]: The key fingerprint is:
[   13.756032] cloud-init[703]: SHA256:7RfhMR016j6r+3nh0xb+E6wRFBFYxiFSRHWavQ+46WA root@ubuntu-bionic
[   13.756190] cloud-init[703]: The key's randomart image is:
[   13.756745] cloud-init[703]: +---[ECDSA 256]---+
[   13.757058] cloud-init[703]: |         .+==O*+.|
[   13.757526] ] cloud-init[703]: |          ..o+*..|
[   13.757777] cloud-init[703]: |            =+.. |
[   13.758020] cloud-init[703]: |         . ..*  .|
[   13.758315] cloud-init[703]: |        S . +.+. |
[   13.758604] cloud-init[703]: |         .  .= *.|
[   13.758890] cloud-init[703]: |          E +o= *|
[   13.759174] cloud-init[703]: |         . + .+*o|Started Initial cloud-init job (metadata service crawler).

[   13.760097] cloud-init[703]: |           o=+..=|
[   13.760513] cloud-init[703]: +----[SHA256]-----+
[   13.760901] cloud-init[703]: Generating public/private ed25519 key pair.
[   13.761414] cloud-init[703]: Your identification has been saved in /etc/ssh/ssh_host_ed25519_key.
[[   13.762130] cloud-init[703]: Your public key has been saved in /etc/ssh/ssh_host_ed25519_key.pub.
[   13.762206] cloud-init[703]: The key fingerprint is:
[   13.762901] cloud-init[703]: SHA256:hkPxCu5JCR5rGNTvqYvWsqFcwPiZ/nf1YRDugn+TXOI root@ubuntu-bionic
[   13.763076] cloud-init[703]: The key's randomart image is:
[   13.763761] cloud-init[703]: +--[ED25519 256]--+
[   13.763992] cloud-init[703]: | ..   .          |
[   13.764337] cloud-init[703]: |.  .   o  .      |
[   13.764632] cloud-init[703]: |. o o . .. .     |
[   13.764924] cloud-init[703]: |o+ = = o  o      |
[   13.765219] cloud-init[703]: |oo+ = =.S. .     |
[   13.765504] cloud-init[703]: | o.= +.o. + +    |
[   13.765804] cloud-init[703]: | .=.+  . = * .   |
[   13.766098] cloud-init[703]: |o++o  . o E .    |
[   13.766408] cloud-init[703]: |o++oo. . . .     |
[   13.766825] cloud-init[703]: +----[SHA256]-----+
[0;32m  OK  [0m] Reached target Cloud-config availability.
[[0;32m  OK  [0m] Reached target Network is Online.
[[0;32m  OK  [0m] Reached target Remote File Systems (Pre).
[[0;32m  OK  [0m] Reached target Remote File Systems.
         Starting Availability of block devices...
[[0;32m  OK  [0m] Reached target System Initialization.
         Starting LXD - unix socket.
[[0;32m  OK  [0m] Started Message of the Day.
[[0;32m  OK  [0m] Started Daily Cleanup of Temporary Directories.
         Starting Socket activation for snappy daemon.
[[0;32m  OK  [0m] Started Daily apt download activities.
[[0;32m  OK  [0m] Listening on UUID daemon activation socket.
[[0;32m  OK  [0m] Started Discard unused blocks once a week.
[[0;32m  OK  [0m] Started ACPI Events Check.
[[0;32m  OK  [0m] Reached target Paths.
[[0;32m  OK  [0m] Listening on Open-iSCSI iscsid Socket.
[[0;32m  OK  [0m] Started Daily apt upgrade and clean activities.
[[0;32m  OK  [0m] Listening on D-Bus System Message Bus Socket.
[[0;32m  OK  [0m] Listening on ACPID Listen Socket.
[[0;32m  OK  [0m] Started Ubuntu Advantage update messaging.
[[0;32m  OK  [0m] Reached target Timers.
[[0;32m  OK  [0m] Started Availability of block devices.
[[0;32m  OK  [0m] Listening on LXD - unix socket.
[[0;32m  OK  [0m] Listening on Socket activation for snappy daemon.
[[0;32m  OK  [0m] Reached target Sockets.
[[0;32m  OK  [0m] Reached target Basic System.
         Starting Pollinate to seed the pseudo random number generator...
         Starting Accounts Service...
         Starting Virtualbox guest utils...
         Starting Permit User Sessions...
[[0;32m  OK  [0m] Started irqbalance daemon.
         Starting Login Service...
[[0;32m  OK  [0m] Started D-Bus System Message Bus.
[[0;32m  OK  [0m] Started Regular background program processing daemon.
         Starting LSB: automatic crash report generation...
         Starting LSB: Record successful boot for GRUB...
         Starting Snap Daemon...
         Starting System Logging Service...
[[0;32m  OK  [0m] Started FUSE filesystem for LXC.
[[0;32m  OK  [0m] Started Deferred execution scheduler.
         Starting Dispatcher daemon for systemd-networkd...
         Starting LXD - container startup/shutdown...
[[0;32m  OK  [0m] Started Permit User Sessions.
[[0;32m  OK  [0m] Started Login Service.
         Starting Authorization Manager...
[[0;32m  OK  [0m] Started Unattended Upgrades Shutdown.
         Starting Hold until boot process finishes up...
         Starting Terminate Plymouth Boot Screen...
[[0;32m  OK  [0m] Started Hold until boot process finishes up.
         Starting Set console scheme...
[[0;32m  OK  [0m] Started Serial Getty on ttyS0.
[[0;32m  OK  [0m] Started Terminate Plymouth Boot Screen.
[[0;32m  OK  [0m] Started LSB: automatic crash report generation.
[[0;32m  OK  [0m] Started Set console scheme.
[[0;32m  OK  [0m] Created slice system-getty.slice.
[[0;32m  OK  [0m] Started Getty on tty1.
[[0;32m  OK  [0m] Reached target Login Prompts.
[[0;32m  OK  [0m] Started LSB: Record successful boot for GRUB.
[[0;32m  OK  [0m] Started Authorization Manager.
[[0;32m  OK  [0m] Started Accounts Service.
[[0;32m  OK  [0m] Started System Logging Service.
[[0;32m  OK  [0m] Started Virtualbox guest utils.
[[0;32m  OK  [0m] Started Dispatcher daemon for systemd-networkd.
[[0;32m  OK  [0m] Started LXD - container startup/shutdown.
[[0;32m  OK  [0m] Started Snap Daemon.
         Starting Wait until snapd is fully seeded...
[[0;32m  OK  [0m] Started Wait until snapd is fully seeded.
         Starting Apply the settings specified in cloud-config...
[   19.412614] cloud-init[1296]: Cloud-init v. 21.2-3-g899bfaa9-0ubuntu2~18.04.1 running 'modules:config' at Thu, 09 Dec 2021 17:40:53 +0000. Up 18.37 seconds.
[[0;32m  OK  [0m] Started Apply the settings specified in cloud-config.

Ubuntu 18.04.6 LTS ubuntu-bionic ttyS0

ubuntu-bionic login: ci-info: no authorized SSH keys fingerprints found for user ubuntu.
<14>Dec  9 17:41:02 cloud-init: #############################################################
<14>Dec  9 17:41:02 cloud-init: -----BEGIN SSH HOST KEY FINGERPRINTS-----
<14>Dec  9 17:41:02 cloud-init: 1024 SHA256:2vIKSbXyHbI2bJqIyptA/9ChIGWr3ZFwXSw/Ra01Jwg root@ubuntu-bionic (DSA)
<14>Dec  9 17:41:02 cloud-init: 256 SHA256:7RfhMR016j6r+3nh0xb+E6wRFBFYxiFSRHWavQ+46WA root@ubuntu-bionic (ECDSA)
<14>Dec  9 17:41:02 cloud-init: 256 SHA256:hkPxCu5JCR5rGNTvqYvWsqFcwPiZ/nf1YRDugn+TXOI root@ubuntu-bionic (ED25519)
<14>Dec  9 17:41:02 cloud-init: 2048 SHA256:gHEnquUeRYlWpYfrVk4gY4WSrnWKDszL2qobVGkPBPc root@ubuntu-bionic (RSA)
<14>Dec  9 17:41:02 cloud-init: -----END SSH HOST KEY FINGERPRINTS-----
<14>Dec  9 17:41:02 cloud-init: #############################################################
-----BEGIN SSH HOST KEY KEYS-----
ecdsa-sha2-nistp256 AAAAE2VjZHNhLXNoYTItbmlzdHAyNTYAAAAIbmlzdHAyNTYAAABBBLB/Kg5Peys5SCZr4z2ByhJl+vErRSwlW8PqsG77bAhhEPhr7V2c1AmYZr908KDE2Xxz2KN+mS5tZoLbYs4HSww= root@ubuntu-bionic
ssh-ed25519 AAAAC3NzaC1lZDI1NTE5AAAAIJbU1AjbvrAes/mQZaRPlsUQV3yb0Z6//Hs2fWDo3fCi root@ubuntu-bionic
ssh-rsa AAAAB3NzaC1yc2EAAAADAQABAAABAQC8ccmY6nuBGwVQ78IGh5xSvMxYWfPPqtXqhAV8UbmnL+03RCkgBbHCBJrD4SFhaTDo+Bxv6iZUWze1I1WxUbphv9z3XIQULlLB8Ud0xKQrqzueE1kIXrI/nyUNUYC+fAwyVDPr/kE9yuNg2XXo6SGPCuOpbH1RAPB8XSVHAvCxHJYWiiqYAXDHupbjUacnwHwAsD7San1XGFNf+Sg2EKvq0yDnxHs5rKS7r6TCQFntD+9dTrMWsilxwymiOT+ZbrkzjQSkzThSTb/COwEP80/ARmmA7GPi+qwemQvvEO6NxFMGfBUZvDmtg/ccFJLFQeJS7TReAb6MIHMTAUj5slDT root@ubuntu-bionic
-----END SSH HOST KEY KEYS-----
[   27.697060] cloud-init[1388]: Cloud-init v. 21.2-3-g899bfaa9-0ubuntu2~18.04.1 running 'modules:final' at Thu, 09 Dec 2021 17:41:02 +0000. Up 27.45 seconds.
[   27.697166] cloud-init[1388]: ci-info: no authorized SSH keys fingerprints found for user ubuntu.
[   27.697477] cloud-init[1388]: Cloud-init v. 21.2-3-g899bfaa9-0ubuntu2~18.04.1 finished at Thu, 09 Dec 2021 17:41:02 +0000. Datasource DataSourceNoCloud [seed=/dev/sdb][dsmode=net].  Up 27.67 seconds
